<?xml version="1.0" encoding="UTF-8"?>
<testng-results skipped="0" failed="0" ignored="0" total="2" passed="2">
  <reporter-output>
  </reporter-output>
  <suite name="Default suite" duration-ms="33620" started-at="2019-05-27T14:23:54Z" finished-at="2019-05-27T14:24:28Z">
    <groups>
    </groups>
    <test name="Default test" duration-ms="33620" started-at="2019-05-27T14:23:54Z" finished-at="2019-05-27T14:24:28Z">
      <class name="TestNG.TestNGClass">
        <test-method status="PASS" signature="LaunchSite()[pri:0, instance:TestNG.TestNGClass@6e0f5f7f]" name="LaunchSite" is-config="true" duration-ms="31588" started-at="2019-05-27T14:23:54Z" finished-at="2019-05-27T14:24:26Z">
          <reporter-output>
          </reporter-output>
        </test-method> <!-- LaunchSite -->
        <test-method status="PASS" signature="CreateBooking()[pri:0, instance:TestNG.TestNGClass@6e0f5f7f]" name="CreateBooking" duration-ms="7" started-at="2019-05-27T14:24:26Z" finished-at="2019-05-27T14:24:26Z">
          <reporter-output>
          </reporter-output>
        </test-method> <!-- CreateBooking -->
        <test-method status="PASS" signature="SearchTour()[pri:0, instance:TestNG.TestNGClass@6e0f5f7f]" name="SearchTour" duration-ms="192" started-at="2019-05-27T14:24:26Z" finished-at="2019-05-27T14:24:26Z">
          <reporter-output>
          </reporter-output>
        </test-method> <!-- SearchTour -->
        <test-method status="PASS" signature="CloseBrowser()[pri:0, instance:TestNG.TestNGClass@6e0f5f7f]" name="CloseBrowser" is-config="true" duration-ms="1715" started-at="2019-05-27T14:24:26Z" finished-at="2019-05-27T14:24:28Z">
          <reporter-output>
          </reporter-output>
        </test-method> <!-- CloseBrowser -->
      </class> <!-- TestNG.TestNGClass -->
    </test> <!-- Default test -->
  </suite> <!-- Default suite -->
</testng-results>
